<?xml version="1.0" encoding="UTF-8"?>
<!-- Generated by org.testng.reporters.JUnitReportReporter -->
<testsuite hostname="DESKTOP-0EFE3AH" failures="0" tests="4" name="com.simplilern.demo.Testng.ParallelTest" time="15.408" errors="0" timestamp="2022-04-13T22:37:31 IST" skipped="2">
  <testcase classname="com.simplilern.demo.Testng.ParallelTest" name="LaunchChrome" time="14.952"/>
  <system-out/>
  <testcase classname="com.simplilern.demo.Testng.ParallelTest" name="TryFacebook" time="0.456"/>
  <system-out/>
  <testcase classname="com.simplilern.demo.Testng.ParallelTest" name="LaunchFirfox">
    <skipped/>
  </testcase> <!-- LaunchFirfox -->
  <system-out/>
  <testcase classname="com.simplilern.demo.Testng.ParallelTest" name="TryFacebook2">
    <skipped/>
  </testcase> <!-- TryFacebook2 -->
  <system-out/>
</testsuite> <!-- com.simplilern.demo.Testng.ParallelTest -->
