<?xml version="1.0" encoding="UTF-8"?>
<!-- Generated by org.testng.reporters.JUnitReportReporter -->
<testsuite hostname="DESKTOP-0EFE3AH" failures="0" tests="1" name="com.simplilern.demo.Testng.FirstDemo" time="0.005" errors="0" timestamp="2022-04-13T22:37:31 IST" skipped="0">
  <testcase classname="com.simplilern.demo.Testng.FirstDemo" name="Hello" time="0.005"/>
  <system-out/>
</testsuite> <!-- com.simplilern.demo.Testng.FirstDemo -->
