<?xml version="1.0" encoding="UTF-8"?>
<!-- Generated by org.testng.reporters.JUnitReportReporter -->
<testsuite hostname="DESKTOP-0EFE3AH" failures="0" tests="1" name="com.simplilern.demo.Testng.NewTest" time="0.022" errors="0" timestamp="2022-04-13T16:03:46 IST" skipped="0">
  <testcase classname="com.simplilern.demo.Testng.NewTest" name="f" time="0.022"/>
  <system-out/>
</testsuite> <!-- com.simplilern.demo.Testng.NewTest -->
