<?xml version="1.0" encoding="UTF-8"?>
<!-- Generated by org.testng.reporters.JUnitReportReporter -->
<testsuite hostname="DESKTOP-0EFE3AH" failures="0" tests="1" name="com.simplilern.demo.Testng.Automaticanotation" time="0.003" errors="0" timestamp="2022-04-13T22:37:31 IST" skipped="0">
  <testcase classname="com.simplilern.demo.Testng.Automaticanotation" name="f" time="0.003"/>
  <system-out/>
</testsuite> <!-- com.simplilern.demo.Testng.Automaticanotation -->
