<?xml version="1.0" encoding="UTF-8"?>
<!-- Generated by org.testng.reporters.JUnitReportReporter -->
<testsuite hostname="DESKTOP-0EFE3AH" failures="0" tests="1" name="com.simplilern.demo.Testng.Facebook" time="24.031" errors="0" timestamp="2022-04-21T13:01:41 IST" skipped="0">
  <testcase classname="com.simplilern.demo.Testng.Facebook" name="welcome" time="24.031"/>
  <system-out/>
</testsuite> <!-- com.simplilern.demo.Testng.Facebook -->
